<?xml version="1.0" encoding="UTF-8"?>
<coverage generated="1709774402119" clover="3.2.0">
  <project timestamp="1709774402119" name="All files">
    <metrics statements="42" coveredstatements="36" conditionals="6" coveredconditionals="4" methods="15" coveredmethods="12" elements="63" coveredelements="52" complexity="0" loc="42" ncloc="42" packages="1" files="4" classes="4"/>
    <file name="App.jsx" path="/Users/dakotalust/Documents/Movie_Roulette/src/components/App.jsx">
      <metrics statements="6" coveredstatements="6" conditionals="0" coveredconditionals="0" methods="4" coveredmethods="4"/>
      <line num="9" count="2" type="stmt"/>
      <line num="10" count="2" type="stmt"/>
      <line num="15" count="2" type="stmt"/>
      <line num="19" count="1" type="stmt"/>
      <line num="26" count="3" type="stmt"/>
      <line num="33" count="1" type="stmt"/>
    </file>
    <file name="Questionnaire.jsx" path="/Users/dakotalust/Documents/Movie_Roulette/src/components/Questionnaire.jsx">
      <metrics statements="11" coveredstatements="10" conditionals="0" coveredconditionals="0" methods="4" coveredmethods="3"/>
      <line num="8" count="3" type="stmt"/>
      <line num="144" count="5" type="stmt"/>
      <line num="145" count="5" type="stmt"/>
      <line num="147" count="5" type="stmt"/>
      <line num="148" count="2" type="stmt"/>
      <line num="149" count="2" type="stmt"/>
      <line num="151" count="2" type="stmt"/>
      <line num="153" count="2" type="stmt"/>
      <line num="155" count="2" type="stmt"/>
      <line num="158" count="0" type="stmt"/>
      <line num="162" count="5" type="stmt"/>
    </file>
    <file name="RouletteWheel.jsx" path="/Users/dakotalust/Documents/Movie_Roulette/src/components/RouletteWheel.jsx">
      <metrics statements="16" coveredstatements="12" conditionals="4" coveredconditionals="3" methods="5" coveredmethods="3"/>
      <line num="8" count="3" type="cond" truecount="2" falsecount="0"/>
      <line num="9" count="1" type="stmt"/>
      <line num="10" count="1" type="stmt"/>
      <line num="11" count="1" type="stmt"/>
      <line num="12" count="1" type="stmt"/>
      <line num="13" count="5" type="stmt"/>
      <line num="15" count="5" type="stmt"/>
      <line num="17" count="1" type="stmt"/>
      <line num="23" count="1" type="cond" truecount="1" falsecount="1"/>
      <line num="24" count="1" type="stmt"/>
      <line num="26" count="0" type="stmt"/>
      <line num="27" count="0" type="stmt"/>
      <line num="34" count="0" type="stmt"/>
      <line num="35" count="0" type="stmt"/>
      <line num="39" count="1" type="stmt"/>
      <line num="58" count="2" type="stmt"/>
    </file>
    <file name="ServicesList.jsx" path="/Users/dakotalust/Documents/Movie_Roulette/src/components/ServicesList.jsx">
      <metrics statements="9" coveredstatements="8" conditionals="2" coveredconditionals="1" methods="2" coveredmethods="2"/>
      <line num="5" count="1" type="stmt"/>
      <line num="6" count="1" type="stmt"/>
      <line num="7" count="1" type="stmt"/>
      <line num="18" count="1" type="stmt"/>
      <line num="20" count="3" type="stmt"/>
      <line num="21" count="3" type="stmt"/>
      <line num="22" count="3" type="cond" truecount="1" falsecount="1"/>
      <line num="23" count="3" type="stmt"/>
      <line num="25" count="0" type="stmt"/>
    </file>
  </project>
</coverage>
