<?xml version="1.0" encoding="UTF-8"?>
<coverage generated="1714272720573" clover="3.2.0">
  <project timestamp="1714272720573" name="All files">
    <metrics statements="45" coveredstatements="42" conditionals="6" coveredconditionals="6" methods="18" coveredmethods="16" elements="69" coveredelements="64" complexity="0" loc="45" ncloc="45" packages="1" files="5" classes="5"/>
    <file name="App.jsx" path="/Users/dakotalust/Documents/Movie_Roulette/src/components/App.jsx">
      <metrics statements="10" coveredstatements="10" conditionals="0" coveredconditionals="0" methods="6" coveredmethods="6"/>
      <line num="11" count="6" type="stmt"/>
      <line num="12" count="6" type="stmt"/>
      <line num="17" count="6" type="stmt"/>
      <line num="18" count="6" type="stmt"/>
      <line num="19" count="6" type="stmt"/>
      <line num="23" count="3" type="stmt"/>
      <line num="30" count="2" type="stmt"/>
      <line num="34" count="1" type="stmt"/>
      <line num="38" count="9" type="stmt"/>
      <line num="47" count="3" type="stmt"/>
    </file>
    <file name="Questionnaire.jsx" path="/Users/dakotalust/Documents/Movie_Roulette/src/components/Questionnaire.jsx">
      <metrics statements="10" coveredstatements="9" conditionals="0" coveredconditionals="0" methods="4" coveredmethods="3"/>
      <line num="8" count="5" type="stmt"/>
      <line num="144" count="11" type="stmt"/>
      <line num="145" count="11" type="stmt"/>
      <line num="147" count="11" type="stmt"/>
      <line num="148" count="4" type="stmt"/>
      <line num="149" count="4" type="stmt"/>
      <line num="151" count="4" type="stmt"/>
      <line num="154" count="4" type="stmt"/>
      <line num="157" count="0" type="stmt"/>
      <line num="161" count="11" type="stmt"/>
    </file>
    <file name="RouletteWheel.jsx" path="/Users/dakotalust/Documents/Movie_Roulette/src/components/RouletteWheel.jsx">
      <metrics statements="15" coveredstatements="13" conditionals="4" coveredconditionals="4" methods="5" coveredmethods="4"/>
      <line num="8" count="12" type="cond" truecount="2" falsecount="0"/>
      <line num="9" count="6" type="stmt"/>
      <line num="10" count="6" type="stmt"/>
      <line num="11" count="6" type="stmt"/>
      <line num="12" count="6" type="stmt"/>
      <line num="13" count="30" type="stmt"/>
      <line num="15" count="30" type="stmt"/>
      <line num="17" count="6" type="stmt"/>
      <line num="23" count="6" type="cond" truecount="2" falsecount="0"/>
      <line num="24" count="3" type="stmt"/>
      <line num="26" count="3" type="stmt"/>
      <line num="33" count="0" type="stmt"/>
      <line num="34" count="0" type="stmt"/>
      <line num="38" count="6" type="stmt"/>
      <line num="59" count="6" type="stmt"/>
    </file>
    <file name="ServicesList.jsx" path="/Users/dakotalust/Documents/Movie_Roulette/src/components/ServicesList.jsx">
      <metrics statements="9" coveredstatements="9" conditionals="2" coveredconditionals="2" methods="2" coveredmethods="2"/>
      <line num="5" count="6" type="stmt"/>
      <line num="6" count="6" type="stmt"/>
      <line num="7" count="6" type="stmt"/>
      <line num="18" count="6" type="stmt"/>
      <line num="20" count="20" type="stmt"/>
      <line num="21" count="20" type="stmt"/>
      <line num="22" count="20" type="cond" truecount="2" falsecount="0"/>
      <line num="23" count="18" type="stmt"/>
      <line num="25" count="2" type="stmt"/>
    </file>
    <file name="Sidebar.jsx" path="/Users/dakotalust/Documents/Movie_Roulette/src/components/Sidebar.jsx">
      <metrics statements="1" coveredstatements="1" conditionals="0" coveredconditionals="0" methods="1" coveredmethods="1"/>
      <line num="7" count="10" type="stmt"/>
    </file>
  </project>
</coverage>
