{"/Users/dakotalust/Documents/Movie_Roulette/src/components/App.jsx": {"path":"/Users/dakotalust/Documents/Movie_Roulette/src/components/App.jsx","statementMap":{"0":{"start":{"line":9,"column":4},"end":{"line":9,"column":16}},"1":{"start":{"line":10,"column":4},"end":{"line":13,"column":5}},"2":{"start":{"line":15,"column":4},"end":{"line":15,"column":61}},"3":{"start":{"line":19,"column":4},"end":{"line":22,"column":7}},"4":{"start":{"line":26,"column":4},"end":{"line":37,"column":5}},"5":{"start":{"line":33,"column":52},"end":{"line":33,"column":80}}},"fnMap":{"0":{"name":"(anonymous_0)","decl":{"start":{"line":8,"column":2},"end":{"line":8,"column":3}},"loc":{"start":{"line":8,"column":20},"end":{"line":16,"column":3}},"line":8},"1":{"name":"(anonymous_1)","decl":{"start":{"line":18,"column":2},"end":{"line":18,"column":3}},"loc":{"start":{"line":18,"column":32},"end":{"line":23,"column":3}},"line":18},"2":{"name":"(anonymous_2)","decl":{"start":{"line":25,"column":2},"end":{"line":25,"column":3}},"loc":{"start":{"line":25,"column":11},"end":{"line":38,"column":3}},"line":25},"3":{"name":"(anonymous_3)","decl":{"start":{"line":33,"column":41},"end":{"line":33,"column":42}},"loc":{"start":{"line":33,"column":52},"end":{"line":33,"column":80}},"line":33}},"branchMap":{},"s":{"0":2,"1":2,"2":2,"3":1,"4":3,"5":1},"f":{"0":2,"1":1,"2":3,"3":1},"b":{},"_coverageSchema":"1a1c01bbd47fc00a2c39e90264f33305004495a9","hash":"7eba328be1f2253909c39b7fc157e160902d2db9"}
,"/Users/dakotalust/Documents/Movie_Roulette/src/components/Questionnaire.jsx": {"path":"/Users/dakotalust/Documents/Movie_Roulette/src/components/Questionnaire.jsx","statementMap":{"0":{"start":{"line":8,"column":18},"end":{"line":141,"column":1}},"1":{"start":{"line":144,"column":25},"end":{"line":144,"column":45}},"2":{"start":{"line":145,"column":4},"end":{"line":145,"column":40}},"3":{"start":{"line":147,"column":4},"end":{"line":160,"column":6}},"4":{"start":{"line":148,"column":25},"end":{"line":148,"column":68}},"5":{"start":{"line":149,"column":23},"end":{"line":149,"column":56}},"6":{"start":{"line":151,"column":8},"end":{"line":159,"column":10}},"7":{"start":{"line":153,"column":12},"end":{"line":153,"column":36}},"8":{"start":{"line":155,"column":12},"end":{"line":155,"column":49}},"9":{"start":{"line":158,"column":12},"end":{"line":158,"column":32}},"10":{"start":{"line":162,"column":4},"end":{"line":162,"column":44}}},"fnMap":{"0":{"name":"Questionnaire","decl":{"start":{"line":143,"column":9},"end":{"line":143,"column":22}},"loc":{"start":{"line":143,"column":31},"end":{"line":163,"column":1}},"line":143},"1":{"name":"(anonymous_1)","decl":{"start":{"line":147,"column":32},"end":{"line":147,"column":33}},"loc":{"start":{"line":147,"column":44},"end":{"line":160,"column":5}},"line":147},"2":{"name":"(anonymous_2)","decl":{"start":{"line":152,"column":14},"end":{"line":152,"column":15}},"loc":{"start":{"line":152,"column":28},"end":{"line":156,"column":9}},"line":152},"3":{"name":"(anonymous_3)","decl":{"start":{"line":157,"column":15},"end":{"line":157,"column":16}},"loc":{"start":{"line":157,"column":24},"end":{"line":159,"column":9}},"line":157}},"branchMap":{},"s":{"0":3,"1":5,"2":5,"3":5,"4":2,"5":2,"6":2,"7":2,"8":2,"9":0,"10":5},"f":{"0":5,"1":2,"2":2,"3":0},"b":{},"_coverageSchema":"1a1c01bbd47fc00a2c39e90264f33305004495a9","hash":"fb92f7ecefa8b5ad925fcea5a48c3839a9848b6a"}
,"/Users/dakotalust/Documents/Movie_Roulette/src/components/RouletteWheel.jsx": {"path":"/Users/dakotalust/Documents/Movie_Roulette/src/components/RouletteWheel.jsx","statementMap":{"0":{"start":{"line":8,"column":4},"end":{"line":59,"column":5}},"1":{"start":{"line":9,"column":28},"end":{"line":9,"column":45}},"2":{"start":{"line":10,"column":30},"end":{"line":10,"column":48}},"3":{"start":{"line":11,"column":23},"end":{"line":11,"column":43}},"4":{"start":{"line":12,"column":34},"end":{"line":16,"column":10}},"5":{"start":{"line":13,"column":12},"end":{"line":13,"column":34}},"6":{"start":{"line":15,"column":12},"end":{"line":15,"column":59}},"7":{"start":{"line":17,"column":54},"end":{"line":21,"column":10}},"8":{"start":{"line":23,"column":8},"end":{"line":37,"column":9}},"9":{"start":{"line":24,"column":12},"end":{"line":36,"column":14}},"10":{"start":{"line":26,"column":16},"end":{"line":26,"column":63}},"11":{"start":{"line":27,"column":16},"end":{"line":31,"column":18}},"12":{"start":{"line":34,"column":16},"end":{"line":34,"column":70}},"13":{"start":{"line":35,"column":16},"end":{"line":35,"column":55}},"14":{"start":{"line":39,"column":8},"end":{"line":56,"column":9}},"15":{"start":{"line":58,"column":8},"end":{"line":58,"column":19}}},"fnMap":{"0":{"name":"RouletteWheel","decl":{"start":{"line":7,"column":9},"end":{"line":7,"column":22}},"loc":{"start":{"line":7,"column":31},"end":{"line":60,"column":1}},"line":7},"1":{"name":"(anonymous_1)","decl":{"start":{"line":12,"column":67},"end":{"line":12,"column":68}},"loc":{"start":{"line":12,"column":80},"end":{"line":14,"column":9}},"line":12},"2":{"name":"(anonymous_2)","decl":{"start":{"line":14,"column":18},"end":{"line":14,"column":19}},"loc":{"start":{"line":14,"column":53},"end":{"line":16,"column":9}},"line":14},"3":{"name":"(anonymous_3)","decl":{"start":{"line":25,"column":18},"end":{"line":25,"column":19}},"loc":{"start":{"line":25,"column":32},"end":{"line":32,"column":13}},"line":25},"4":{"name":"(anonymous_4)","decl":{"start":{"line":33,"column":19},"end":{"line":33,"column":20}},"loc":{"start":{"line":33,"column":28},"end":{"line":36,"column":13}},"line":33}},"branchMap":{"0":{"loc":{"start":{"line":8,"column":4},"end":{"line":59,"column":5}},"type":"if","locations":[{"start":{"line":8,"column":4},"end":{"line":59,"column":5}},{"start":{"line":57,"column":11},"end":{"line":59,"column":5}}],"line":8},"1":{"loc":{"start":{"line":23,"column":8},"end":{"line":37,"column":9}},"type":"if","locations":[{"start":{"line":23,"column":8},"end":{"line":37,"column":9}},{"start":{},"end":{}}],"line":23}},"s":{"0":3,"1":1,"2":1,"3":1,"4":1,"5":5,"6":5,"7":1,"8":1,"9":1,"10":0,"11":0,"12":0,"13":0,"14":1,"15":2},"f":{"0":3,"1":5,"2":5,"3":0,"4":0},"b":{"0":[1,2],"1":[1,0]},"_coverageSchema":"1a1c01bbd47fc00a2c39e90264f33305004495a9","hash":"837f3b101d69c70412fe2dda5c5b478e9a87920a"}
,"/Users/dakotalust/Documents/Movie_Roulette/src/components/ServicesList.jsx": {"path":"/Users/dakotalust/Documents/Movie_Roulette/src/components/ServicesList.jsx","statementMap":{"0":{"start":{"line":5,"column":21},"end":{"line":5,"column":44}},"1":{"start":{"line":6,"column":20},"end":{"line":6,"column":57}},"2":{"start":{"line":7,"column":28},"end":{"line":16,"column":5}},"3":{"start":{"line":18,"column":4},"end":{"line":28,"column":5}},"4":{"start":{"line":20,"column":28},"end":{"line":20,"column":62}},"5":{"start":{"line":21,"column":28},"end":{"line":21,"column":67}},"6":{"start":{"line":22,"column":12},"end":{"line":26,"column":13}},"7":{"start":{"line":23,"column":16},"end":{"line":23,"column":101}},"8":{"start":{"line":25,"column":16},"end":{"line":25,"column":67}}},"fnMap":{"0":{"name":"ServicesList","decl":{"start":{"line":4,"column":9},"end":{"line":4,"column":21}},"loc":{"start":{"line":4,"column":30},"end":{"line":29,"column":1}},"line":4},"1":{"name":"(anonymous_1)","decl":{"start":{"line":19,"column":21},"end":{"line":19,"column":22}},"loc":{"start":{"line":19,"column":34},"end":{"line":27,"column":9}},"line":19}},"branchMap":{"0":{"loc":{"start":{"line":22,"column":12},"end":{"line":26,"column":13}},"type":"if","locations":[{"start":{"line":22,"column":12},"end":{"line":26,"column":13}},{"start":{"line":24,"column":19},"end":{"line":26,"column":13}}],"line":22}},"s":{"0":1,"1":1,"2":1,"3":1,"4":3,"5":3,"6":3,"7":3,"8":0},"f":{"0":1,"1":3},"b":{"0":[3,0]},"_coverageSchema":"1a1c01bbd47fc00a2c39e90264f33305004495a9","hash":"febb90bd8043fdd7f3a0bdd14b3fdae4459b7d04"}
}
