TN:
SF:src/components/App.jsx
FN:8,(anonymous_0)
FN:18,(anonymous_1)
FN:25,(anonymous_2)
FN:33,(anonymous_3)
FNF:4
FNH:4
FNDA:4,(anonymous_0)
FNDA:3,(anonymous_1)
FNDA:7,(anonymous_2)
FNDA:3,(anonymous_3)
DA:9,4
DA:10,4
DA:15,4
DA:19,3
DA:26,7
DA:33,3
LF:6
LH:6
BRF:0
BRH:0
end_of_record
TN:
SF:src/components/Questionnaire.jsx
FN:143,Questionnaire
FN:147,(anonymous_1)
FN:152,(anonymous_2)
FN:157,(anonymous_3)
FNF:4
FNH:3
FNDA:9,Questionnaire
FNDA:4,(anonymous_1)
FNDA:4,(anonymous_2)
FNDA:0,(anonymous_3)
DA:8,4
DA:144,9
DA:145,9
DA:147,9
DA:148,4
DA:149,4
DA:151,4
DA:153,4
DA:155,4
DA:158,0
DA:162,9
LF:11
LH:10
BRF:0
BRH:0
end_of_record
TN:
SF:src/components/RouletteWheel.jsx
FN:7,RouletteWheel
FN:12,(anonymous_1)
FN:14,(anonymous_2)
FN:25,(anonymous_3)
FN:33,(anonymous_4)
FNF:5
FNH:4
FNDA:10,RouletteWheel
FNDA:30,(anonymous_1)
FNDA:30,(anonymous_2)
FNDA:3,(anonymous_3)
FNDA:0,(anonymous_4)
DA:8,10
DA:9,6
DA:10,6
DA:11,6
DA:12,6
DA:13,30
DA:15,30
DA:17,6
DA:23,6
DA:24,3
DA:26,3
DA:27,3
DA:34,0
DA:35,0
DA:39,6
DA:58,4
LF:16
LH:14
BRDA:8,0,0,6
BRDA:8,0,1,4
BRDA:23,1,0,3
BRDA:23,1,1,3
BRF:4
BRH:4
end_of_record
TN:
SF:src/components/ServicesList.jsx
FN:4,ServicesList
FN:19,(anonymous_1)
FNF:2
FNH:2
FNDA:6,ServicesList
FNDA:20,(anonymous_1)
DA:5,6
DA:6,6
DA:7,6
DA:18,6
DA:20,20
DA:21,20
DA:22,20
DA:23,18
DA:25,2
LF:9
LH:9
BRDA:22,0,0,18
BRDA:22,0,1,2
BRF:2
BRH:2
end_of_record
