TN:
SF:src/components/App.jsx
FN:8,(anonymous_0)
FN:18,(anonymous_1)
FN:25,(anonymous_2)
FN:33,(anonymous_3)
FNF:4
FNH:2
FNDA:1,(anonymous_0)
FNDA:0,(anonymous_1)
FNDA:1,(anonymous_2)
FNDA:0,(anonymous_3)
DA:9,1
DA:10,1
DA:15,1
DA:19,0
DA:26,1
DA:33,0
LF:6
LH:4
BRF:0
BRH:0
end_of_record
TN:
SF:src/components/Questionaire.jsx
FN:143,Questionaire
FN:147,(anonymous_1)
FN:152,(anonymous_2)
FN:157,(anonymous_3)
FNF:4
FNH:1
FNDA:1,Questionaire
FNDA:0,(anonymous_1)
FNDA:0,(anonymous_2)
FNDA:0,(anonymous_3)
DA:8,1
DA:144,1
DA:145,1
DA:147,1
DA:148,0
DA:149,0
DA:151,0
DA:153,0
DA:155,0
DA:158,0
DA:162,1
LF:11
LH:5
BRF:0
BRH:0
end_of_record
TN:
SF:src/components/RouletteWheel.jsx
FN:7,RouletteWheel
FN:12,(anonymous_1)
FN:14,(anonymous_2)
FN:25,(anonymous_3)
FN:33,(anonymous_4)
FNF:5
FNH:1
FNDA:1,RouletteWheel
FNDA:0,(anonymous_1)
FNDA:0,(anonymous_2)
FNDA:0,(anonymous_3)
FNDA:0,(anonymous_4)
DA:8,1
DA:9,0
DA:10,0
DA:11,0
DA:12,0
DA:13,0
DA:15,0
DA:17,0
DA:23,0
DA:24,0
DA:26,0
DA:27,0
DA:34,0
DA:35,0
DA:39,0
DA:58,1
LF:16
LH:2
BRDA:8,0,0,0
BRDA:8,0,1,1
BRDA:23,1,0,0
BRDA:23,1,1,0
BRF:4
BRH:1
end_of_record
TN:
SF:src/components/ServicesList.jsx
FN:4,ServicesList
FN:19,(anonymous_1)
FNF:2
FNH:0
FNDA:0,ServicesList
FNDA:0,(anonymous_1)
DA:5,0
DA:6,0
DA:7,0
DA:18,0
DA:20,0
DA:21,0
DA:22,0
DA:23,0
DA:25,0
LF:9
LH:0
BRDA:22,0,0,0
BRDA:22,0,1,0
BRF:2
BRH:0
end_of_record
